<?xml version="1.0" encoding="UTF-8"?>
<testng-results skipped="0" failed="0" total="5" passed="5">
  <reporter-output>
  </reporter-output>
  <suite name="Default suite" duration-ms="140" started-at="2018-08-21T12:54:59Z" finished-at="2018-08-21T12:54:59Z">
    <groups>
    </groups>
    <test name="Default test" duration-ms="140" started-at="2018-08-21T12:54:59Z" finished-at="2018-08-21T12:54:59Z">
      <class name="com.test.Data_Resp">
        <test-method status="PASS" signature="Test_Case(java.lang.String, java.lang.String, java.lang.String)[pri:0, instance:com.test.Data_Resp@3c09711b]" name="Test_Case" duration-ms="10" started-at="2018-08-21T18:24:59Z" data-provider="url_data" finished-at="2018-08-21T18:24:59Z">
          <params>
            <param index="0">
              <value>
                <![CDATA[https://animalsake.com/]]>
              </value>
            </param>
            <param index="1">
              <value>
                <![CDATA[55]]>
              </value>
            </param>
            <param index="2">
              <value>
                <![CDATA[1]]>
              </value>
            </param>
          </params>
          <reporter-output>
          </reporter-output>
        </test-method> <!-- Test_Case -->
        <test-method status="PASS" signature="Test_Case(java.lang.String, java.lang.String, java.lang.String)[pri:0, instance:com.test.Data_Resp@3c09711b]" name="Test_Case" duration-ms="3" started-at="2018-08-21T18:24:59Z" data-provider="url_data" finished-at="2018-08-21T18:24:59Z">
          <params>
            <param index="0">
              <value>
                <![CDATA[https://www.google.com/]]>
              </value>
            </param>
            <param index="1">
              <value>
                <![CDATA[66]]>
              </value>
            </param>
            <param index="2">
              <value>
                <![CDATA[2]]>
              </value>
            </param>
          </params>
          <reporter-output>
          </reporter-output>
        </test-method> <!-- Test_Case -->
        <test-method status="PASS" signature="Test_Case(java.lang.String, java.lang.String, java.lang.String)[pri:0, instance:com.test.Data_Resp@3c09711b]" name="Test_Case" duration-ms="2" started-at="2018-08-21T18:24:59Z" data-provider="url_data" finished-at="2018-08-21T18:24:59Z">
          <params>
            <param index="0">
              <value>
                <![CDATA[ajay]]>
              </value>
            </param>
            <param index="1">
              <value>
                <![CDATA[77]]>
              </value>
            </param>
            <param index="2">
              <value>
                <![CDATA[3]]>
              </value>
            </param>
          </params>
          <reporter-output>
          </reporter-output>
        </test-method> <!-- Test_Case -->
        <test-method status="PASS" signature="Test_Case(java.lang.String, java.lang.String, java.lang.String)[pri:0, instance:com.test.Data_Resp@3c09711b]" name="Test_Case" duration-ms="2" started-at="2018-08-21T18:24:59Z" data-provider="url_data" finished-at="2018-08-21T18:24:59Z">
          <params>
            <param index="0">
              <value>
                <![CDATA[sudhir]]>
              </value>
            </param>
            <param index="1">
              <value>
                <![CDATA[88]]>
              </value>
            </param>
            <param index="2">
              <value>
                <![CDATA[4]]>
              </value>
            </param>
          </params>
          <reporter-output>
          </reporter-output>
        </test-method> <!-- Test_Case -->
        <test-method status="PASS" signature="Test_Case(java.lang.String, java.lang.String, java.lang.String)[pri:0, instance:com.test.Data_Resp@3c09711b]" name="Test_Case" duration-ms="1" started-at="2018-08-21T18:24:59Z" data-provider="url_data" finished-at="2018-08-21T18:24:59Z">
          <params>
            <param index="0">
              <value>
                <![CDATA[buzzle]]>
              </value>
            </param>
            <param index="1">
              <value>
                <![CDATA[99]]>
              </value>
            </param>
            <param index="2">
              <value>
                <![CDATA[5]]>
              </value>
            </param>
          </params>
          <reporter-output>
          </reporter-output>
        </test-method> <!-- Test_Case -->
      </class> <!-- com.test.Data_Resp -->
    </test> <!-- Default test -->
  </suite> <!-- Default suite -->
</testng-results>
