<?xml version="1.0" encoding="UTF-8"?>
<!-- Generated by org.testng.reporters.JUnitXMLReporter -->
<testsuite hostname="LAPTOP-0OQSTN0H" name="Default test" tests="5" failures="0" timestamp="21 Aug 2018 12:54:59 GMT" time="0.14" errors="0">
  <testcase name="Test_Case" time="0.01" classname="com.test.Data_Resp"/>
  <testcase name="Test_Case" time="0.003" classname="com.test.Data_Resp"/>
  <testcase name="Test_Case" time="0.002" classname="com.test.Data_Resp"/>
  <testcase name="Test_Case" time="0.002" classname="com.test.Data_Resp"/>
  <testcase name="Test_Case" time="0.001" classname="com.test.Data_Resp"/>
</testsuite> <!-- Default test -->
